16.3911 	WARNING 	Font Manager failed to load file C:\Users\이윤주\AppData\Roaming\YbmNet\NotoSansKR-Bold.ttf
17.8541 	WARNING 	Font Manager failed to load file C:\Users\이윤주\AppData\Roaming\YbmNet\NotoSansKR-Bold.ttf
28.0896 	DEBUG 	Fullscreen settings ignored as running in pilot mode.
28.0986 	INFO 	Loaded monitor calibration from ['2025_05_17 17:29']
30.7594 	EXP 	Created window1 = Window(allowGUI=False, allowStencil=False, autoLog=True, backendConf=UNKNOWN, backgroundFit=<method-wrapper '__getattribute__' of attributeSetter object at 0x000002342D49BA90>, backgroundImage=<method-wrapper '__getattribute__' of attributeSetter object at 0x000002342D49BA30>, bitsMode=UNKNOWN, blendMode='avg', bpc=(8, 8, 8), color=array([-1., -1., -1.]), colorSpace='rgb', depthBits=8, fullscr=False, gamma=None, gammaErrorPolicy='raise', infoMsg=UNKNOWN, lms=UNKNOWN, monitor=<psychopy.monitors.calibTools.Monitor object at 0x000002342D556470>, multiSample=False, name='window1', numSamples=2, pos=[560.0, 240.0], screen=0, size=array([800, 600]), stencilBits=0, stereo=False, title='PsychoPy', units='height', useFBO=True, useRetina=False, viewOri=0.0, viewPos=None, viewScale=None, waitBlanking=True, winType='pyglet')
30.7595 	EXP 	window1: backgroundImage = ''
30.7595 	EXP 	window1: backgroundFit = 'none'
30.8218 	DEBUG 	TextBox2 loaded 1 chars with 0 blanks and 1 valid
30.8237 	DEBUG 	TextBox2 loaded 1 chars with 0 blanks and 1 valid
30.8254 	DEBUG 	TextBox2 loaded 1 chars with 0 blanks and 1 valid
30.8275 	DEBUG 	TextBox2 loaded 1 chars with 0 blanks and 1 valid
30.8295 	DEBUG 	TextBox2 loaded 1 chars with 0 blanks and 1 valid
30.8306 	DEBUG 	TextBox2 loaded 1 chars with 0 blanks and 1 valid
30.8333 	DEBUG 	TextBox2 loaded 1 chars with 0 blanks and 1 valid
30.8373 	DEBUG 	TextBox2 loaded 1 chars with 0 blanks and 1 valid
30.8385 	DEBUG 	TextBox2 loaded 1 chars with 0 blanks and 1 valid
30.8395 	DEBUG 	TextBox2 loaded 1 chars with 0 blanks and 1 valid
30.8412 	DEBUG 	TextBox2 loaded 1 chars with 0 blanks and 1 valid
30.8429 	DEBUG 	TextBox2 loaded 1 chars with 0 blanks and 1 valid
30.8444 	DEBUG 	TextBox2 loaded 1 chars with 0 blanks and 1 valid
30.8461 	DEBUG 	TextBox2 loaded 1 chars with 0 blanks and 1 valid
30.8476 	DEBUG 	TextBox2 loaded 1 chars with 0 blanks and 1 valid
30.8510 	DEBUG 	TextBox2 loaded 1 chars with 0 blanks and 1 valid
30.8538 	DEBUG 	TextBox2 loaded 1 chars with 0 blanks and 1 valid
30.8550 	DEBUG 	TextBox2 loaded 1 chars with 0 blanks and 1 valid
30.8562 	DEBUG 	TextBox2 loaded 1 chars with 0 blanks and 1 valid
30.8584 	DEBUG 	TextBox2 loaded 1 chars with 0 blanks and 1 valid
30.8603 	DEBUG 	TextBox2 loaded 1 chars with 0 blanks and 1 valid
30.8657 	DEBUG 	Uploading Texture Font fontname to graphics card
30.8769 	DEBUG 	Upload of Texture Font fontname complete
30.9046 	DEBUG 	TextBox2 loaded 1 chars with 0 blanks and 1 valid
30.9066 	DEBUG 	TextBox2 loaded 1 chars with 0 blanks and 1 valid
30.9084 	DEBUG 	TextBox2 loaded 1 chars with 0 blanks and 1 valid
30.9089 	DEBUG 	Uploading Texture Font fontname to graphics card
30.9176 	DEBUG 	Upload of Texture Font fontname complete
30.9207 	EXP 	window1: Attempting to measure frame rate of screen (0) ...
30.9207 	EXP 	window1: recordFrameIntervals = False
31.1524 	EXP 	window1: recordFrameIntervals = True
31.2020 	WARNING 	t of last frame was 30.80ms (=1/32)
31.2384 	WARNING 	t of last frame was 36.42ms (=1/27)
31.2694 	WARNING 	t of last frame was 30.99ms (=1/32)
31.3044 	WARNING 	t of last frame was 34.95ms (=1/28)
31.3393 	WARNING 	Multiple dropped frames have occurred - I'll stop bothering you about them!
31.8853 	EXP 	Screen (0) actual frame rate measured at 59.85Hz
31.8854 	EXP 	window1: recordFrameIntervals = False
31.9291 	DEBUG 	TextBox2 loaded 1 chars with 0 blanks and 1 valid
31.9305 	DEBUG 	TextBox2 loaded 1 chars with 0 blanks and 1 valid
31.9335 	DEBUG 	TextBox2 loaded 1 chars with 0 blanks and 1 valid
31.9363 	DEBUG 	TextBox2 loaded 1 chars with 0 blanks and 1 valid
31.9413 	DEBUG 	TextBox2 loaded 1 chars with 0 blanks and 1 valid
31.9440 	DEBUG 	TextBox2 loaded 1 chars with 0 blanks and 1 valid
31.9454 	DEBUG 	TextBox2 loaded 1 chars with 0 blanks and 1 valid
31.9479 	DEBUG 	TextBox2 loaded 1 chars with 0 blanks and 1 valid
31.9510 	DEBUG 	TextBox2 loaded 1 chars with 0 blanks and 1 valid
31.9551 	DEBUG 	TextBox2 loaded 1 chars with 0 blanks and 1 valid
31.9558 	DEBUG 	Uploading Texture Font fontname to graphics card
31.9649 	DEBUG 	Upload of Texture Font fontname complete
32.0307 	WARNING 	launchHubServer: If using the iohub mouse or eyetracker devices, fullScr should be True.
43.2935 	INFO 	keyboard.Keyboard is using iohub backend.
43.2938 	INFO 	keyboard.Keyboard is using iohub backend.
43.2939 	INFO 	keyboard.Keyboard is using iohub backend.
43.2940 	INFO 	keyboard.Keyboard is using iohub backend.
43.2941 	INFO 	keyboard.Keyboard is using iohub backend.
43.2942 	INFO 	keyboard.Keyboard is using iohub backend.
43.2943 	INFO 	keyboard.Keyboard is using iohub backend.
43.2944 	INFO 	keyboard.Keyboard is using iohub backend.
43.2945 	INFO 	keyboard.Keyboard is using iohub backend.
43.2946 	INFO 	keyboard.Keyboard is using iohub backend.
43.2946 	EXP 	SC-IAT: status = STARTED
43.7952 	EXP 	Created IntroText = TextStim(__class__=<class 'psychopy.visual.text.TextStim'>, alignHoriz=method-wrapper(...), alignText='center', alignVert=method-wrapper(...), anchorHoriz='center', anchorVert='center', antialias=True, autoDraw=False, autoLog=True, bold=False, color=array([1., 1., 1.]), colorSpace='rgb', contrast=1.0, depth=0.0, draggable=False, flipHoriz=False, flipVert=False, font='NanumGothic', fontFiles=[], height=0.04, italic=False, languageStyle='LTR', name='IntroText', opacity=1, ori=0.0, pos=array([ 0. , -0.1]), rgb=UNKNOWN, text=str(...), units='height', win=Window(...), wrapWidth=1.7)
43.8072 	EXP 	Created Positive_1_1 = TextStim(__class__=<class 'psychopy.visual.text.TextStim'>, alignHoriz=method-wrapper(...), alignText='center', alignVert=method-wrapper(...), anchorHoriz='center', anchorVert='center', antialias=True, autoDraw=False, autoLog=True, bold=False, color=array([0.12941176, 0.86666667, 0.12941176]), colorSpace='rgb', contrast=1.0, depth=-1.0, draggable=False, flipHoriz=False, flipVert=False, font='NanumGothic', fontFiles=[], height=0.06, italic=False, languageStyle='LTR', name='Positive_1_1', opacity=1, ori=0.0, pos=array([-0.55,  0.35]), rgb=UNKNOWN, text='긍정', units='height', win=Window(...), wrapWidth=1)
43.8173 	EXP 	Created Negative_1_1 = TextStim(__class__=<class 'psychopy.visual.text.TextStim'>, alignHoriz=method-wrapper(...), alignText='center', alignVert=method-wrapper(...), anchorHoriz='center', anchorVert='center', antialias=True, autoDraw=False, autoLog=True, bold=False, color=array([0.12941176, 0.86666667, 0.12941176]), colorSpace='rgb', contrast=1.0, depth=-2.0, draggable=False, flipHoriz=False, flipVert=False, font='NanumGothic', fontFiles=[], height=0.06, italic=False, languageStyle='LTR', name='Negative_1_1', opacity=1, ori=0.0, pos=array([0.55, 0.35]), rgb=UNKNOWN, text='부정', units='height', win=Window(...), wrapWidth=1)
43.8308 	EXP 	Created image_stim_1 = ImageStim(__class__=<class 'psychopy.visual.image.ImageStim'>, anchor=('center', 'center'), autoLog=True, color=array([1., 1., 1.]), colorSpace='rgb', contrast=1.0, depth=0.0, draggable=False, flipHoriz=False, flipVert=False, image=None, interpolate=True, mask=None, maskParams=None, name='image_stim_1', opacity=1, ori=0.0, pos=array([0., 0.]), size=array([0.5, 0.5]), texRes=128.0, units='height', win=Window(...))
43.8409 	EXP 	Created Drug_1 = TextStim(__class__=<class 'psychopy.visual.text.TextStim'>, alignHoriz=method-wrapper(...), alignText='center', alignVert=method-wrapper(...), anchorHoriz='center', anchorVert='center', antialias=True, autoDraw=False, autoLog=True, bold=False, color=array([1., 1., 1.]), colorSpace='rgb', contrast=1.0, depth=-1.0, draggable=False, flipHoriz=False, flipVert=False, font='NanumGothic', fontFiles=[], height=0.06, italic=False, languageStyle='LTR', name='Drug_1', opacity=1, ori=0.0, pos=array([-0.55,  0.25]), rgb=UNKNOWN, text='마약', units='height', win=Window(...), wrapWidth=1)
43.8467 	EXP 	Created Positive_1_2 = TextStim(__class__=<class 'psychopy.visual.text.TextStim'>, alignHoriz=method-wrapper(...), alignText='center', alignVert=method-wrapper(...), anchorHoriz='center', anchorVert='center', antialias=True, autoDraw=False, autoLog=True, bold=False, color=array([0.12941176, 0.86666667, 0.12941176]), colorSpace='rgb', contrast=1.0, depth=-2.0, draggable=False, flipHoriz=False, flipVert=False, font='NanumGothic', fontFiles=[], height=0.06, italic=False, languageStyle='LTR', name='Positive_1_2', opacity=1, ori=0.0, pos=array([-0.55,  0.35]), rgb=UNKNOWN, text='긍정', units='height', win=Window(...), wrapWidth=1)
43.8524 	EXP 	Created Negative_1_2 = TextStim(__class__=<class 'psychopy.visual.text.TextStim'>, alignHoriz=method-wrapper(...), alignText='center', alignVert=method-wrapper(...), anchorHoriz='center', anchorVert='center', antialias=True, autoDraw=False, autoLog=True, bold=False, color=array([0.12941176, 0.86666667, 0.12941176]), colorSpace='rgb', contrast=1.0, depth=-3.0, draggable=False, flipHoriz=False, flipVert=False, font='NanumGothic', fontFiles=[], height=0.06, italic=False, languageStyle='LTR', name='Negative_1_2', opacity=1, ori=0.0, pos=array([0.55, 0.35]), rgb=UNKNOWN, text='부정', units='height', win=Window(...), wrapWidth=1)
43.8571 	EXP 	Created msg_feedback_1 = TextStim(__class__=<class 'psychopy.visual.text.TextStim'>, alignHoriz=method-wrapper(...), alignText='center', alignVert=method-wrapper(...), anchorHoriz='center', anchorVert='center', antialias=True, autoDraw=False, autoLog=True, bold=False, color=array([1., 1., 1.]), colorSpace='rgb', contrast=1.0, depth=-1.0, draggable=False, flipHoriz=False, flipVert=False, font='Nanumgothic', fontFiles=[], height=1.0, italic=False, languageStyle='LTR', name='msg_feedback_1', opacity=1, ori=0.0, pos=array([0., 0.]), rgb=UNKNOWN, text='', units='height', win=Window(...), wrapWidth=1)
43.8683 	EXP 	Created Positive_2_1 = TextStim(__class__=<class 'psychopy.visual.text.TextStim'>, alignHoriz=method-wrapper(...), alignText='center', alignVert=method-wrapper(...), anchorHoriz='center', anchorVert='center', antialias=True, autoDraw=False, autoLog=True, bold=False, color=array([0.12941176, 0.86666667, 0.12941176]), colorSpace='rgb', contrast=1.0, depth=0.0, draggable=False, flipHoriz=False, flipVert=False, font='NanumGothic', fontFiles=[], height=0.06, italic=False, languageStyle='LTR', name='Positive_2_1', opacity=1, ori=0.0, pos=array([-0.55,  0.35]), rgb=UNKNOWN, text='긍정', units='height', win=Window(...), wrapWidth=1)
43.8743 	EXP 	Created Negative_2_1 = TextStim(__class__=<class 'psychopy.visual.text.TextStim'>, alignHoriz=method-wrapper(...), alignText='center', alignVert=method-wrapper(...), anchorHoriz='center', anchorVert='center', antialias=True, autoDraw=False, autoLog=True, bold=False, color=array([0.12941176, 0.86666667, 0.12941176]), colorSpace='rgb', contrast=1.0, depth=-1.0, draggable=False, flipHoriz=False, flipVert=False, font='NanumGothic', fontFiles=[], height=0.06, italic=False, languageStyle='LTR', name='Negative_2_1', opacity=1, ori=0.0, pos=array([0.55, 0.35]), rgb=UNKNOWN, text='부정', units='height', win=Window(...), wrapWidth=1)
43.9847 	EXP 	Created IntroText_2 = TextStim(__class__=<class 'psychopy.visual.text.TextStim'>, alignHoriz=method-wrapper(...), alignText='center', alignVert=method-wrapper(...), anchorHoriz='center', anchorVert='center', antialias=True, autoDraw=False, autoLog=True, bold=False, color=array([1., 1., 1.]), colorSpace='rgb', contrast=1.0, depth=-4.0, draggable=False, flipHoriz=False, flipVert=False, font='NanumGothic', fontFiles=[], height=0.04, italic=False, languageStyle='LTR', name='IntroText_2', opacity=1, ori=0.0, pos=array([ 0. , -0.1]), rgb=UNKNOWN, text=str(...), units='height', win=Window(...), wrapWidth=1.7)
43.9893 	EXP 	Created image_stim_2 = ImageStim(__class__=<class 'psychopy.visual.image.ImageStim'>, anchor=('center', 'center'), autoLog=True, color=array([1., 1., 1.]), colorSpace='rgb', contrast=1.0, depth=0.0, draggable=False, flipHoriz=False, flipVert=False, image=None, interpolate=True, mask=None, maskParams=None, name='image_stim_2', opacity=1, ori=0.0, pos=array([0., 0.]), size=array([0.5, 0.5]), texRes=128.0, units='height', win=Window(...))
43.9956 	EXP 	Created Drug_2 = TextStim(__class__=<class 'psychopy.visual.text.TextStim'>, alignHoriz=method-wrapper(...), alignText='center', alignVert=method-wrapper(...), anchorHoriz='center', anchorVert='center', antialias=True, autoDraw=False, autoLog=True, bold=False, color=array([1., 1., 1.]), colorSpace='rgb', contrast=1.0, depth=-1.0, draggable=False, flipHoriz=False, flipVert=False, font='NanumGothic', fontFiles=[], height=0.06, italic=False, languageStyle='LTR', name='Drug_2', opacity=1, ori=0.0, pos=array([-0.55,  0.25]), rgb=UNKNOWN, text='마약', units='height', win=Window(...), wrapWidth=1)
44.0006 	EXP 	Created Positive_2_2 = TextStim(__class__=<class 'psychopy.visual.text.TextStim'>, alignHoriz=method-wrapper(...), alignText='center', alignVert=method-wrapper(...), anchorHoriz='center', anchorVert='center', antialias=True, autoDraw=False, autoLog=True, bold=False, color=array([0.12941176, 0.86666667, 0.12941176]), colorSpace='rgb', contrast=1.0, depth=-2.0, draggable=False, flipHoriz=False, flipVert=False, font='NanumGothic', fontFiles=[], height=0.06, italic=False, languageStyle='LTR', name='Positive_2_2', opacity=1, ori=0.0, pos=array([-0.55,  0.35]), rgb=UNKNOWN, text='긍정', units='height', win=Window(...), wrapWidth=1)
44.0059 	EXP 	Created Negative_2_2 = TextStim(__class__=<class 'psychopy.visual.text.TextStim'>, alignHoriz=method-wrapper(...), alignText='center', alignVert=method-wrapper(...), anchorHoriz='center', anchorVert='center', antialias=True, autoDraw=False, autoLog=True, bold=False, color=array([0.12941176, 0.86666667, 0.12941176]), colorSpace='rgb', contrast=1.0, depth=-3.0, draggable=False, flipHoriz=False, flipVert=False, font='NanumGothic', fontFiles=[], height=0.06, italic=False, languageStyle='LTR', name='Negative_2_2', opacity=1, ori=0.0, pos=array([0.55, 0.35]), rgb=UNKNOWN, text='부정', units='height', win=Window(...), wrapWidth=1)
44.0077 	EXP 	Created msg_feedback_2 = TextStim(__class__=<class 'psychopy.visual.text.TextStim'>, alignHoriz=method-wrapper(...), alignText='center', alignVert=method-wrapper(...), anchorHoriz='center', anchorVert='center', antialias=True, autoDraw=False, autoLog=True, bold=False, color=array([1., 1., 1.]), colorSpace='rgb', contrast=1.0, depth=-1.0, draggable=False, flipHoriz=False, flipVert=False, font='Nanumgothic', fontFiles=[], height=1.0, italic=False, languageStyle='LTR', name='msg_feedback_2', opacity=1, ori=0.0, pos=array([0., 0.]), rgb=UNKNOWN, text='', units='height', win=Window(...), wrapWidth=1)
44.0403 	EXP 	Created IntroText_3 = TextStim(__class__=<class 'psychopy.visual.text.TextStim'>, alignHoriz=method-wrapper(...), alignText='center', alignVert=method-wrapper(...), anchorHoriz='center', anchorVert='center', antialias=True, autoDraw=False, autoLog=True, bold=False, color=array([1., 1., 1.]), colorSpace='rgb', contrast=1.0, depth=0.0, draggable=False, flipHoriz=False, flipVert=False, font='NanumGothic', fontFiles=[], height=0.04, italic=False, languageStyle='LTR', name='IntroText_3', opacity=1, ori=0.0, pos=array([ 0. , -0.1]), rgb=UNKNOWN, text=str(...), units='height', win=Window(...), wrapWidth=1.7)
44.0453 	EXP 	Created Positive_3_1 = TextStim(__class__=<class 'psychopy.visual.text.TextStim'>, alignHoriz=method-wrapper(...), alignText='center', alignVert=method-wrapper(...), anchorHoriz='center', anchorVert='center', antialias=True, autoDraw=False, autoLog=True, bold=False, color=array([0.12941176, 0.86666667, 0.12941176]), colorSpace='rgb', contrast=1.0, depth=-1.0, draggable=False, flipHoriz=False, flipVert=False, font='NanumGothic', fontFiles=[], height=0.06, italic=False, languageStyle='LTR', name='Positive_3_1', opacity=1, ori=0.0, pos=array([-0.55,  0.35]), rgb=UNKNOWN, text='긍정', units='height', win=Window(...), wrapWidth=1)
44.0529 	EXP 	Created Negative_3_1 = TextStim(__class__=<class 'psychopy.visual.text.TextStim'>, alignHoriz=method-wrapper(...), alignText='center', alignVert=method-wrapper(...), anchorHoriz='center', anchorVert='center', antialias=True, autoDraw=False, autoLog=True, bold=False, color=array([0.12941176, 0.86666667, 0.12941176]), colorSpace='rgb', contrast=1.0, depth=-2.0, draggable=False, flipHoriz=False, flipVert=False, font='NanumGothic', fontFiles=[], height=0.06, italic=False, languageStyle='LTR', name='Negative_3_1', opacity=1, ori=0.0, pos=array([0.55, 0.35]), rgb=UNKNOWN, text='부정', units='height', win=Window(...), wrapWidth=1)
44.0560 	EXP 	Created image_stim_3 = ImageStim(__class__=<class 'psychopy.visual.image.ImageStim'>, anchor=('center', 'center'), autoLog=True, color=array([1., 1., 1.]), colorSpace='rgb', contrast=1.0, depth=0.0, draggable=False, flipHoriz=False, flipVert=False, image=None, interpolate=True, mask=None, maskParams=None, name='image_stim_3', opacity=1, ori=0.0, pos=array([0., 0.]), size=array([0.5, 0.5]), texRes=128.0, units='height', win=Window(...))
44.0608 	EXP 	Created Drug_3 = TextStim(__class__=<class 'psychopy.visual.text.TextStim'>, alignHoriz=method-wrapper(...), alignText='center', alignVert=method-wrapper(...), anchorHoriz='center', anchorVert='center', antialias=True, autoDraw=False, autoLog=True, bold=False, color=array([1., 1., 1.]), colorSpace='rgb', contrast=1.0, depth=-1.0, draggable=False, flipHoriz=False, flipVert=False, font='NanumGothic', fontFiles=[], height=0.06, italic=False, languageStyle='LTR', name='Drug_3', opacity=1, ori=0.0, pos=array([0.55, 0.25]), rgb=UNKNOWN, text='마약', units='height', win=Window(...), wrapWidth=1)
44.0688 	EXP 	Created Positive_3_2 = TextStim(__class__=<class 'psychopy.visual.text.TextStim'>, alignHoriz=method-wrapper(...), alignText='center', alignVert=method-wrapper(...), anchorHoriz='center', anchorVert='center', antialias=True, autoDraw=False, autoLog=True, bold=False, color=array([0.12941176, 0.86666667, 0.12941176]), colorSpace='rgb', contrast=1.0, depth=-2.0, draggable=False, flipHoriz=False, flipVert=False, font='NanumGothic', fontFiles=[], height=0.06, italic=False, languageStyle='LTR', name='Positive_3_2', opacity=1, ori=0.0, pos=array([-0.55,  0.35]), rgb=UNKNOWN, text='긍정', units='height', win=Window(...), wrapWidth=1)
44.0756 	EXP 	Created Negative_3_2 = TextStim(__class__=<class 'psychopy.visual.text.TextStim'>, alignHoriz=method-wrapper(...), alignText='center', alignVert=method-wrapper(...), anchorHoriz='center', anchorVert='center', antialias=True, autoDraw=False, autoLog=True, bold=False, color=array([0.12941176, 0.86666667, 0.12941176]), colorSpace='rgb', contrast=1.0, depth=-3.0, draggable=False, flipHoriz=False, flipVert=False, font='NanumGothic', fontFiles=[], height=0.06, italic=False, languageStyle='LTR', name='Negative_3_2', opacity=1, ori=0.0, pos=array([0.55, 0.35]), rgb=UNKNOWN, text='부정', units='height', win=Window(...), wrapWidth=1)
44.0775 	EXP 	Created msg_feedback = TextStim(__class__=<class 'psychopy.visual.text.TextStim'>, alignHoriz=method-wrapper(...), alignText='center', alignVert=method-wrapper(...), anchorHoriz='center', anchorVert='center', antialias=True, autoDraw=False, autoLog=True, bold=False, color=array([1., 1., 1.]), colorSpace='rgb', contrast=1.0, depth=-1.0, draggable=False, flipHoriz=False, flipVert=False, font='Nanumgothic', fontFiles=[], height=1.0, italic=False, languageStyle='LTR', name='msg_feedback', opacity=1, ori=0.0, pos=array([0., 0.]), rgb=UNKNOWN, text='', units='height', win=Window(...), wrapWidth=1)
44.0835 	EXP 	Created Positive_4_1 = TextStim(__class__=<class 'psychopy.visual.text.TextStim'>, alignHoriz=method-wrapper(...), alignText='center', alignVert=method-wrapper(...), anchorHoriz='center', anchorVert='center', antialias=True, autoDraw=False, autoLog=True, bold=False, color=array([0.12941176, 0.86666667, 0.12941176]), colorSpace='rgb', contrast=1.0, depth=0.0, draggable=False, flipHoriz=False, flipVert=False, font='NanumGothic', fontFiles=[], height=0.06, italic=False, languageStyle='LTR', name='Positive_4_1', opacity=1, ori=0.0, pos=array([-0.55,  0.35]), rgb=UNKNOWN, text='긍정', units='height', win=Window(...), wrapWidth=1)
44.1007 	EXP 	Created Negative_4_1 = TextStim(__class__=<class 'psychopy.visual.text.TextStim'>, alignHoriz=method-wrapper(...), alignText='center', alignVert=method-wrapper(...), anchorHoriz='center', anchorVert='center', antialias=True, autoDraw=False, autoLog=True, bold=False, color=array([0.12941176, 0.86666667, 0.12941176]), colorSpace='rgb', contrast=1.0, depth=-1.0, draggable=False, flipHoriz=False, flipVert=False, font='NanumGothic', fontFiles=[], height=0.06, italic=False, languageStyle='LTR', name='Negative_4_1', opacity=1, ori=0.0, pos=array([0.55, 0.35]), rgb=UNKNOWN, text='부정', units='height', win=Window(...), wrapWidth=1)
44.1311 	EXP 	Created IntroText_4 = TextStim(__class__=<class 'psychopy.visual.text.TextStim'>, alignHoriz=method-wrapper(...), alignText='center', alignVert=method-wrapper(...), anchorHoriz='center', anchorVert='center', antialias=True, autoDraw=False, autoLog=True, bold=False, color=array([1., 1., 1.]), colorSpace='rgb', contrast=1.0, depth=-4.0, draggable=False, flipHoriz=False, flipVert=False, font='NanumGothic', fontFiles=[], height=0.04, italic=False, languageStyle='LTR', name='IntroText_4', opacity=1, ori=0.0, pos=array([ 0. , -0.1]), rgb=UNKNOWN, text=str(...), units='height', win=Window(...), wrapWidth=1.7)
44.1347 	EXP 	Created image_stim_4 = ImageStim(__class__=<class 'psychopy.visual.image.ImageStim'>, anchor=('center', 'center'), autoLog=True, color=array([1., 1., 1.]), colorSpace='rgb', contrast=1.0, depth=0.0, draggable=False, flipHoriz=False, flipVert=False, image=None, interpolate=True, mask=None, maskParams=None, name='image_stim_4', opacity=1, ori=0.0, pos=array([0., 0.]), size=array([0.5, 0.5]), texRes=128.0, units='height', win=Window(...))
44.1397 	EXP 	Created Drug_4 = TextStim(__class__=<class 'psychopy.visual.text.TextStim'>, alignHoriz=method-wrapper(...), alignText='center', alignVert=method-wrapper(...), anchorHoriz='center', anchorVert='center', antialias=True, autoDraw=False, autoLog=True, bold=False, color=array([1., 1., 1.]), colorSpace='rgb', contrast=1.0, depth=-1.0, draggable=False, flipHoriz=False, flipVert=False, font='NanumGothic', fontFiles=[], height=0.06, italic=False, languageStyle='LTR', name='Drug_4', opacity=1, ori=0.0, pos=array([0.55, 0.25]), rgb=UNKNOWN, text='마약', units='height', win=Window(...), wrapWidth=1)
44.1476 	EXP 	Created Positive_4_2 = TextStim(__class__=<class 'psychopy.visual.text.TextStim'>, alignHoriz=method-wrapper(...), alignText='center', alignVert=method-wrapper(...), anchorHoriz='center', anchorVert='center', antialias=True, autoDraw=False, autoLog=True, bold=False, color=array([0.12941176, 0.86666667, 0.12941176]), colorSpace='rgb', contrast=1.0, depth=-2.0, draggable=False, flipHoriz=False, flipVert=False, font='NanumGothic', fontFiles=[], height=0.06, italic=False, languageStyle='LTR', name='Positive_4_2', opacity=1, ori=0.0, pos=array([-0.55,  0.35]), rgb=UNKNOWN, text='긍정', units='height', win=Window(...), wrapWidth=1)
44.1521 	EXP 	Created Negative_4_2 = TextStim(__class__=<class 'psychopy.visual.text.TextStim'>, alignHoriz=method-wrapper(...), alignText='center', alignVert=method-wrapper(...), anchorHoriz='center', anchorVert='center', antialias=True, autoDraw=False, autoLog=True, bold=False, color=array([0.12941176, 0.86666667, 0.12941176]), colorSpace='rgb', contrast=1.0, depth=-3.0, draggable=False, flipHoriz=False, flipVert=False, font='NanumGothic', fontFiles=[], height=0.06, italic=False, languageStyle='LTR', name='Negative_4_2', opacity=1, ori=0.0, pos=array([0.55, 0.35]), rgb=UNKNOWN, text='부정', units='height', win=Window(...), wrapWidth=1)
44.1536 	EXP 	Created msg_feedback_3 = TextStim(__class__=<class 'psychopy.visual.text.TextStim'>, alignHoriz=method-wrapper(...), alignText='center', alignVert=method-wrapper(...), anchorHoriz='center', anchorVert='center', antialias=True, autoDraw=False, autoLog=True, bold=False, color=array([1., 1., 1.]), colorSpace='rgb', contrast=1.0, depth=-1.0, draggable=False, flipHoriz=False, flipVert=False, font='Nanumgothic', fontFiles=[], height=1.0, italic=False, languageStyle='LTR', name='msg_feedback_3', opacity=1, ori=0.0, pos=array([0., 0.]), rgb=UNKNOWN, text='', units='height', win=Window(...), wrapWidth=1)
44.1746 	EXP 	Created text = TextStim(__class__=<class 'psychopy.visual.text.TextStim'>, alignHoriz=method-wrapper(...), alignText='center', alignVert=method-wrapper(...), anchorHoriz='center', anchorVert='center', antialias=True, autoDraw=False, autoLog=True, bold=False, color=array([1., 1., 1.]), colorSpace='rgb', contrast=1.0, depth=0.0, draggable=False, flipHoriz=False, flipVert=False, font='NanumGothic', fontFiles=[], height=0.04, italic=False, languageStyle='LTR', name='text', opacity=1, ori=0.0, pos=array([0., 0.]), rgb=UNKNOWN, text='수고하셨습니다!\n참여해주셔서 감사합니다.', units='height', win=Window(...), wrapWidth=1)
0.0441 	INFO 	Keyboard events cleared
0.0432 	EXP 	IntroText: autoDraw = True
0.0432 	EXP 	Positive_1_1: autoDraw = True
0.0432 	EXP 	Negative_1_1: autoDraw = True
1.4430 	DEBUG 	Read excel file with openpyxl: stimuli.xlsx
1.4640 	EXP 	Imported stimuli.xlsx as conditions, 63 conditions, 4 params
1.4702 	EXP 	New trial (rep=0, index=0): <Trial 0 (0 in rep 0) data={'stimulus': 'drug4.jpg', 'category': '마약', 'stim_type': 'image', 'Corr': 'z', 'thisN': 0, 'thisTrialN': 0, 'thisRepN': 0}>
1.5947 	INFO 	Keyboard events cleared
1.5941 	EXP 	IntroText: autoDraw = False
1.5941 	EXP 	Positive_1_1: autoDraw = False
1.5941 	EXP 	Negative_1_1: autoDraw = False
1.5941 	EXP 	image_stim_1: image = 'images/불행하다.jpg'
1.5941 	EXP 	image_stim_1: autoDraw = True
1.5941 	EXP 	Drug_1: autoDraw = True
1.5941 	EXP 	Positive_1_2: autoDraw = True
1.5941 	EXP 	Negative_1_2: autoDraw = True
1.6256 	DATA 	Keypress: space
3.0560 	DATA 	Keypress: slash
3.0766 	EXP 	image_stim_1: autoDraw = False
3.0766 	EXP 	Drug_1: autoDraw = False
3.0766 	EXP 	Positive_1_2: autoDraw = False
3.0766 	EXP 	Negative_1_2: autoDraw = False
3.0766 	EXP 	msg_feedback_1: foreColor = <psychopy.colors.Color: green, alpha=1.0>
3.0766 	EXP 	msg_feedback_1: height = 1.0
3.0766 	EXP 	msg_feedback_1: height = 1.0
3.0766 	EXP 	msg_feedback_1: height = 1.0
3.0766 	EXP 	msg_feedback_1: text = 'O'
3.0766 	EXP 	msg_feedback_1: height = 0.1
3.0766 	EXP 	msg_feedback_1: autoDraw = True
3.0766 	EXP 	msg_feedback_1: height = 0.1
3.0766 	EXP 	msg_feedback_1: height = 0.1
3.0766 	EXP 	msg_feedback_1: height = 0.1
3.0766 	EXP 	msg_feedback_1: text = 'O'
3.2214 	EXP 	New trial (rep=0, index=1): <Trial 1 (1 in rep 0) data={'stimulus': None, 'category': None, 'stim_type': None, 'Corr': None, 'thisN': 1, 'thisTrialN': 1, 'thisRepN': 0}>
3.2776 	EXP 	msg_feedback_1: autoDraw = False
3.2776 	EXP 	msg_feedback_1: autoDraw = False
3.2776 	EXP 	image_stim_1: image = 'images/drug1.jpg'
3.2776 	EXP 	image_stim_1: autoDraw = True
3.2776 	EXP 	Drug_1: autoDraw = True
3.2776 	EXP 	Positive_1_2: autoDraw = True
3.2776 	EXP 	Negative_1_2: autoDraw = True
3.3292 	INFO 	Keyboard events cleared
3.8774 	EXP 	image_stim_1: autoDraw = False
3.8774 	EXP 	Drug_1: autoDraw = False
3.8774 	EXP 	Positive_1_2: autoDraw = False
3.8774 	EXP 	Negative_1_2: autoDraw = False
3.8774 	EXP 	msg_feedback_1: foreColor = <psychopy.colors.Color: green, alpha=1.0>
3.8774 	EXP 	msg_feedback_1: text = 'O'
3.8774 	EXP 	msg_feedback_1: height = 0.1
3.8891 	DATA 	Keypress: z
3.9764 	EXP 	msg_feedback_1: autoDraw = True
3.9764 	EXP 	msg_feedback_1: height = 0.1
3.9764 	EXP 	msg_feedback_1: height = 0.1
3.9764 	EXP 	msg_feedback_1: height = 0.1
3.9764 	EXP 	msg_feedback_1: text = 'O'
4.1170 	EXP 	New trial (rep=0, index=2): <Trial 2 (2 in rep 0) data={'stimulus': '애정하다.jpg', 'category': '긍정', 'stim_type': 'image', 'Corr': 'z', 'thisN': 2, 'thisTrialN': 2, 'thisRepN': 0}>
4.1442 	EXP 	msg_feedback_1: autoDraw = False
4.1442 	EXP 	msg_feedback_1: autoDraw = False
4.1442 	EXP 	image_stim_1: image = 'images/신나다.jpg'
4.1442 	EXP 	Drug_1: autoDraw = True
4.1442 	EXP 	Positive_1_2: autoDraw = True
4.1442 	EXP 	Negative_1_2: autoDraw = True
4.1952 	EXP 	image_stim_1: autoDraw = True
4.2467 	INFO 	Keyboard events cleared
5.0272 	EXP 	image_stim_1: autoDraw = False
5.0272 	EXP 	Drug_1: autoDraw = False
5.0272 	EXP 	Positive_1_2: autoDraw = False
5.0272 	EXP 	Negative_1_2: autoDraw = False
5.0272 	EXP 	msg_feedback_1: foreColor = <psychopy.colors.Color: green, alpha=1.0>
5.0272 	EXP 	msg_feedback_1: text = 'O'
5.0272 	EXP 	msg_feedback_1: height = 0.1
5.0356 	DATA 	Keypress: z
5.1110 	EXP 	msg_feedback_1: autoDraw = True
5.1110 	EXP 	msg_feedback_1: height = 0.1
5.1110 	EXP 	msg_feedback_1: height = 0.1
5.1110 	EXP 	msg_feedback_1: height = 0.1
5.1110 	EXP 	msg_feedback_1: text = 'O'
5.2531 	EXP 	New trial (rep=0, index=3): <Trial 3 (3 in rep 0) data={'stimulus': None, 'category': None, 'stim_type': None, 'Corr': None, 'thisN': 3, 'thisTrialN': 3, 'thisRepN': 0}>
5.3107 	EXP 	msg_feedback_1: autoDraw = False
5.3107 	EXP 	msg_feedback_1: autoDraw = False
5.3107 	EXP 	image_stim_1: image = 'images/영광스럽다.jpg'
5.3107 	EXP 	Drug_1: autoDraw = True
5.3107 	EXP 	Positive_1_2: autoDraw = True
5.3107 	EXP 	Negative_1_2: autoDraw = True
5.3283 	EXP 	image_stim_1: autoDraw = True
5.3622 	INFO 	Keyboard events cleared
6.0110 	EXP 	image_stim_1: autoDraw = False
6.0110 	EXP 	Drug_1: autoDraw = False
6.0110 	EXP 	Positive_1_2: autoDraw = False
6.0110 	EXP 	Negative_1_2: autoDraw = False
6.0110 	EXP 	msg_feedback_1: foreColor = <psychopy.colors.Color: green, alpha=1.0>
6.0110 	EXP 	msg_feedback_1: text = 'O'
6.0110 	EXP 	msg_feedback_1: height = 0.1
6.0250 	DATA 	Keypress: z
6.1279 	EXP 	msg_feedback_1: autoDraw = True
6.1279 	EXP 	msg_feedback_1: height = 0.1
6.1279 	EXP 	msg_feedback_1: height = 0.1
6.1279 	EXP 	msg_feedback_1: height = 0.1
6.1279 	EXP 	msg_feedback_1: text = 'O'
6.2834 	EXP 	New trial (rep=0, index=4): <Trial 4 (4 in rep 0) data={'stimulus': '자랑스럽다.jpg', 'category': '긍정', 'stim_type': 'image', 'Corr': 'z', 'thisN': 4, 'thisTrialN': 4, 'thisRepN': 0}>
6.3965 	EXP 	msg_feedback_1: autoDraw = False
6.3965 	EXP 	msg_feedback_1: autoDraw = False
6.3965 	EXP 	image_stim_1: image = 'images/애정하다.jpg'
6.3965 	EXP 	image_stim_1: autoDraw = True
6.3965 	EXP 	Drug_1: autoDraw = True
6.3965 	EXP 	Positive_1_2: autoDraw = True
6.3965 	EXP 	Negative_1_2: autoDraw = True
6.4486 	INFO 	Keyboard events cleared
7.1939 	EXP 	image_stim_1: autoDraw = False
7.1939 	EXP 	Drug_1: autoDraw = False
7.1939 	EXP 	Positive_1_2: autoDraw = False
7.1939 	EXP 	Negative_1_2: autoDraw = False
7.1939 	EXP 	msg_feedback_1: foreColor = <psychopy.colors.Color: green, alpha=1.0>
7.1939 	EXP 	msg_feedback_1: text = 'O'
7.1939 	EXP 	msg_feedback_1: height = 0.1
7.2028 	DATA 	Keypress: z
7.2941 	EXP 	msg_feedback_1: autoDraw = True
7.2941 	EXP 	msg_feedback_1: height = 0.1
7.2941 	EXP 	msg_feedback_1: height = 0.1
7.2941 	EXP 	msg_feedback_1: height = 0.1
7.2941 	EXP 	msg_feedback_1: text = 'O'
7.4353 	EXP 	New trial (rep=0, index=5): <Trial 5 (5 in rep 0) data={'stimulus': '사랑스럽다.jpg', 'category': '긍정', 'stim_type': 'image', 'Corr': 'z', 'thisN': 5, 'thisTrialN': 5, 'thisRepN': 0}>
7.4785 	EXP 	msg_feedback_1: autoDraw = False
7.4785 	EXP 	msg_feedback_1: autoDraw = False
7.4785 	EXP 	image_stim_1: image = 'images/역겹다.jpg'
7.4785 	EXP 	Drug_1: autoDraw = True
7.4785 	EXP 	Positive_1_2: autoDraw = True
7.4785 	EXP 	Negative_1_2: autoDraw = True
7.5148 	EXP 	image_stim_1: autoDraw = True
7.5650 	INFO 	Keyboard events cleared
8.1801 	EXP 	image_stim_1: autoDraw = False
8.1801 	EXP 	Drug_1: autoDraw = False
8.1801 	EXP 	Positive_1_2: autoDraw = False
8.1801 	EXP 	Negative_1_2: autoDraw = False
8.1801 	EXP 	msg_feedback_1: foreColor = <psychopy.colors.Color: green, alpha=1.0>
8.1801 	EXP 	msg_feedback_1: text = 'O'
8.1801 	EXP 	msg_feedback_1: height = 0.1
8.2043 	DATA 	Keypress: slash
8.2774 	EXP 	msg_feedback_1: autoDraw = True
8.2774 	EXP 	msg_feedback_1: height = 0.1
8.2774 	EXP 	msg_feedback_1: height = 0.1
8.2774 	EXP 	msg_feedback_1: height = 0.1
8.2774 	EXP 	msg_feedback_1: text = 'O'
8.4377 	EXP 	New trial (rep=0, index=6): <Trial 6 (6 in rep 0) data={'stimulus': '뿌듯하다.jpg', 'category': '긍정', 'stim_type': 'image', 'Corr': 'z', 'thisN': 6, 'thisTrialN': 6, 'thisRepN': 0}>
8.5281 	EXP 	msg_feedback_1: autoDraw = False
8.5281 	EXP 	msg_feedback_1: autoDraw = False
8.5281 	EXP 	image_stim_1: image = 'images/억울하다.jpg'
8.5281 	EXP 	image_stim_1: autoDraw = True
8.5281 	EXP 	Drug_1: autoDraw = True
8.5281 	EXP 	Positive_1_2: autoDraw = True
8.5281 	EXP 	Negative_1_2: autoDraw = True
8.5622 	INFO 	Keyboard events cleared
9.1287 	EXP 	image_stim_1: autoDraw = False
9.1287 	EXP 	Drug_1: autoDraw = False
9.1287 	EXP 	Positive_1_2: autoDraw = False
9.1287 	EXP 	Negative_1_2: autoDraw = False
9.1287 	EXP 	msg_feedback_1: foreColor = <psychopy.colors.Color: green, alpha=1.0>
9.1287 	EXP 	msg_feedback_1: text = 'O'
9.1287 	EXP 	msg_feedback_1: height = 0.1
9.1572 	DATA 	Keypress: slash
9.2451 	EXP 	msg_feedback_1: autoDraw = True
9.2451 	EXP 	msg_feedback_1: height = 0.1
9.2451 	EXP 	msg_feedback_1: height = 0.1
9.2451 	EXP 	msg_feedback_1: height = 0.1
9.2451 	EXP 	msg_feedback_1: text = 'O'
9.4053 	EXP 	New trial (rep=0, index=7): <Trial 7 (7 in rep 0) data={'stimulus': '편안하다.jpg', 'category': '긍정', 'stim_type': 'image', 'Corr': 'z', 'thisN': 7, 'thisTrialN': 7, 'thisRepN': 0}>
9.4619 	EXP 	msg_feedback_1: autoDraw = False
9.4619 	EXP 	msg_feedback_1: autoDraw = False
9.4619 	EXP 	image_stim_1: image = 'images/drug4.jpg'
9.4619 	EXP 	image_stim_1: autoDraw = True
9.4619 	EXP 	Drug_1: autoDraw = True
9.4619 	EXP 	Positive_1_2: autoDraw = True
9.4619 	EXP 	Negative_1_2: autoDraw = True
9.5123 	INFO 	Keyboard events cleared
10.2950 	EXP 	image_stim_1: autoDraw = False
10.2950 	EXP 	Drug_1: autoDraw = False
10.2950 	EXP 	Positive_1_2: autoDraw = False
10.2950 	EXP 	Negative_1_2: autoDraw = False
10.2950 	EXP 	msg_feedback_1: foreColor = <psychopy.colors.Color: green, alpha=1.0>
10.2950 	EXP 	msg_feedback_1: text = 'O'
10.2950 	EXP 	msg_feedback_1: height = 0.1
10.3038 	DATA 	Keypress: z
10.4113 	EXP 	msg_feedback_1: autoDraw = True
10.4113 	EXP 	msg_feedback_1: height = 0.1
10.4113 	EXP 	msg_feedback_1: height = 0.1
10.4113 	EXP 	msg_feedback_1: height = 0.1
10.4113 	EXP 	msg_feedback_1: text = 'O'
10.5561 	EXP 	New trial (rep=0, index=8): <Trial 8 (8 in rep 0) data={'stimulus': '흥겹다.jpg', 'category': '긍정', 'stim_type': 'image', 'Corr': 'z', 'thisN': 8, 'thisTrialN': 8, 'thisRepN': 0}>
10.6281 	EXP 	msg_feedback_1: autoDraw = False
10.6281 	EXP 	msg_feedback_1: autoDraw = False
10.6281 	EXP 	image_stim_1: image = 'images/drug7.jpg'
10.6281 	EXP 	image_stim_1: autoDraw = True
10.6281 	EXP 	Drug_1: autoDraw = True
10.6281 	EXP 	Positive_1_2: autoDraw = True
10.6281 	EXP 	Negative_1_2: autoDraw = True
10.6629 	INFO 	Keyboard events cleared
11.1147 	EXP 	image_stim_1: autoDraw = False
11.1147 	EXP 	Drug_1: autoDraw = False
11.1147 	EXP 	Positive_1_2: autoDraw = False
11.1147 	EXP 	Negative_1_2: autoDraw = False
11.1147 	EXP 	msg_feedback_1: foreColor = <psychopy.colors.Color: green, alpha=1.0>
11.1147 	EXP 	msg_feedback_1: text = 'O'
11.1147 	EXP 	msg_feedback_1: height = 0.1
11.1413 	DATA 	Keypress: z
11.2297 	EXP 	msg_feedback_1: autoDraw = True
11.2297 	EXP 	msg_feedback_1: height = 0.1
11.2297 	EXP 	msg_feedback_1: height = 0.1
11.2297 	EXP 	msg_feedback_1: height = 0.1
11.2297 	EXP 	msg_feedback_1: text = 'O'
11.3935 	EXP 	New trial (rep=0, index=9): <Trial 9 (9 in rep 0) data={'stimulus': '만족하다.jpg', 'category': '긍정', 'stim_type': 'image', 'Corr': 'z', 'thisN': 9, 'thisTrialN': 9, 'thisRepN': 0}>
11.4490 	EXP 	msg_feedback_1: autoDraw = False
11.4490 	EXP 	msg_feedback_1: autoDraw = False
11.4490 	EXP 	image_stim_1: image = 'images/drug6.jpg'
11.4490 	EXP 	image_stim_1: autoDraw = True
11.4490 	EXP 	Drug_1: autoDraw = True
11.4490 	EXP 	Positive_1_2: autoDraw = True
11.4490 	EXP 	Negative_1_2: autoDraw = True
11.5118 	INFO 	Keyboard events cleared
11.9962 	EXP 	image_stim_1: autoDraw = False
11.9962 	EXP 	Drug_1: autoDraw = False
11.9962 	EXP 	Positive_1_2: autoDraw = False
11.9962 	EXP 	Negative_1_2: autoDraw = False
11.9962 	EXP 	msg_feedback_1: foreColor = <psychopy.colors.Color: green, alpha=1.0>
11.9962 	EXP 	msg_feedback_1: text = 'O'
11.9962 	EXP 	msg_feedback_1: height = 0.1
12.0243 	DATA 	Keypress: z
12.0966 	EXP 	msg_feedback_1: autoDraw = True
12.0966 	EXP 	msg_feedback_1: height = 0.1
12.0966 	EXP 	msg_feedback_1: height = 0.1
12.0966 	EXP 	msg_feedback_1: height = 0.1
12.0966 	EXP 	msg_feedback_1: text = 'O'
12.2554 	EXP 	New trial (rep=0, index=10): <Trial 10 (10 in rep 0) data={'stimulus': 'drug2.jpg', 'category': '마약', 'stim_type': 'image', 'Corr': 'z', 'thisN': 10, 'thisTrialN': 10, 'thisRepN': 0}>
12.2949 	EXP 	msg_feedback_1: autoDraw = False
12.2949 	EXP 	msg_feedback_1: autoDraw = False
12.2949 	EXP 	image_stim_1: image = 'images/괴롭다.jpg'
12.2949 	EXP 	Drug_1: autoDraw = True
12.2949 	EXP 	Positive_1_2: autoDraw = True
12.2949 	EXP 	Negative_1_2: autoDraw = True
12.3123 	EXP 	image_stim_1: autoDraw = True
12.3625 	INFO 	Keyboard events cleared
12.9636 	EXP 	image_stim_1: autoDraw = False
12.9636 	EXP 	Drug_1: autoDraw = False
12.9636 	EXP 	Positive_1_2: autoDraw = False
12.9636 	EXP 	Negative_1_2: autoDraw = False
12.9636 	EXP 	msg_feedback_1: foreColor = <psychopy.colors.Color: green, alpha=1.0>
12.9636 	EXP 	msg_feedback_1: text = 'O'
12.9636 	EXP 	msg_feedback_1: height = 0.1
12.9871 	DATA 	Keypress: slash
13.0632 	EXP 	msg_feedback_1: autoDraw = True
13.0632 	EXP 	msg_feedback_1: height = 0.1
13.0632 	EXP 	msg_feedback_1: height = 0.1
13.0632 	EXP 	msg_feedback_1: height = 0.1
13.0632 	EXP 	msg_feedback_1: text = 'O'
13.2203 	EXP 	New trial (rep=0, index=11): <Trial 11 (11 in rep 0) data={'stimulus': '행복하다.jpg', 'category': '긍정', 'stim_type': 'image', 'Corr': 'z', 'thisN': 11, 'thisTrialN': 11, 'thisRepN': 0}>
13.2971 	EXP 	msg_feedback_1: autoDraw = False
13.2971 	EXP 	msg_feedback_1: autoDraw = False
13.2971 	EXP 	image_stim_1: image = 'images/반갑다.jpg'
13.2971 	EXP 	image_stim_1: autoDraw = True
13.2971 	EXP 	Drug_1: autoDraw = True
13.2971 	EXP 	Positive_1_2: autoDraw = True
13.2971 	EXP 	Negative_1_2: autoDraw = True
13.3451 	INFO 	Keyboard events cleared
14.0446 	EXP 	image_stim_1: autoDraw = False
14.0446 	EXP 	Drug_1: autoDraw = False
14.0446 	EXP 	Positive_1_2: autoDraw = False
14.0446 	EXP 	Negative_1_2: autoDraw = False
14.0446 	EXP 	msg_feedback_1: foreColor = <psychopy.colors.Color: green, alpha=1.0>
14.0446 	EXP 	msg_feedback_1: text = 'O'
14.0446 	EXP 	msg_feedback_1: height = 0.1
14.0559 	DATA 	Keypress: z
14.1466 	EXP 	msg_feedback_1: autoDraw = True
14.1466 	EXP 	msg_feedback_1: height = 0.1
14.1466 	EXP 	msg_feedback_1: height = 0.1
14.1466 	EXP 	msg_feedback_1: height = 0.1
14.1466 	EXP 	msg_feedback_1: text = 'O'
14.3049 	EXP 	New trial (rep=0, index=12): <Trial 12 (12 in rep 0) data={'stimulus': 'drug7.jpg', 'category': '마약', 'stim_type': 'image', 'Corr': 'z', 'thisN': 12, 'thisTrialN': 12, 'thisRepN': 0}>
14.3612 	EXP 	msg_feedback_1: autoDraw = False
14.3612 	EXP 	msg_feedback_1: autoDraw = False
14.3612 	EXP 	image_stim_1: image = 'images/섬뜩하다.jpg'
14.3612 	EXP 	Drug_1: autoDraw = True
14.3612 	EXP 	Positive_1_2: autoDraw = True
14.3612 	EXP 	Negative_1_2: autoDraw = True
14.3785 	EXP 	image_stim_1: autoDraw = True
14.4131 	INFO 	Keyboard events cleared
15.8443 	EXP 	image_stim_1: autoDraw = False
15.8443 	EXP 	Drug_1: autoDraw = False
15.8443 	EXP 	Positive_1_2: autoDraw = False
15.8443 	EXP 	Negative_1_2: autoDraw = False
15.8443 	EXP 	msg_feedback_1: foreColor = <psychopy.colors.Color: green, alpha=1.0>
15.8443 	EXP 	msg_feedback_1: text = 'O'
15.8443 	EXP 	msg_feedback_1: height = 0.1
15.8568 	DATA 	Keypress: slash
15.9453 	EXP 	msg_feedback_1: autoDraw = True
15.9453 	EXP 	msg_feedback_1: height = 0.1
15.9453 	EXP 	msg_feedback_1: height = 0.1
15.9453 	EXP 	msg_feedback_1: height = 0.1
15.9453 	EXP 	msg_feedback_1: text = 'O'
16.0994 	EXP 	New trial (rep=0, index=13): <Trial 13 (13 in rep 0) data={'stimulus': None, 'category': None, 'stim_type': None, 'Corr': None, 'thisN': 13, 'thisTrialN': 13, 'thisRepN': 0}>
16.1968 	EXP 	msg_feedback_1: autoDraw = False
16.1968 	EXP 	msg_feedback_1: autoDraw = False
16.1968 	EXP 	image_stim_1: image = 'images/drug3.jpg'
16.1968 	EXP 	image_stim_1: autoDraw = True
16.1968 	EXP 	Drug_1: autoDraw = True
16.1968 	EXP 	Positive_1_2: autoDraw = True
16.1968 	EXP 	Negative_1_2: autoDraw = True
16.2308 	INFO 	Keyboard events cleared
16.8948 	EXP 	image_stim_1: autoDraw = False
16.8948 	EXP 	Drug_1: autoDraw = False
16.8948 	EXP 	Positive_1_2: autoDraw = False
16.8948 	EXP 	Negative_1_2: autoDraw = False
16.8948 	EXP 	msg_feedback_1: foreColor = <psychopy.colors.Color: green, alpha=1.0>
16.8948 	EXP 	msg_feedback_1: text = 'O'
16.8948 	EXP 	msg_feedback_1: height = 0.1
16.9090 	DATA 	Keypress: z
16.9948 	EXP 	msg_feedback_1: autoDraw = True
16.9948 	EXP 	msg_feedback_1: height = 0.1
16.9948 	EXP 	msg_feedback_1: height = 0.1
16.9948 	EXP 	msg_feedback_1: height = 0.1
16.9948 	EXP 	msg_feedback_1: text = 'O'
17.1427 	EXP 	New trial (rep=0, index=14): <Trial 14 (14 in rep 0) data={'stimulus': 'drug5.jpg', 'category': '마약', 'stim_type': 'image', 'Corr': 'z', 'thisN': 14, 'thisTrialN': 14, 'thisRepN': 0}>
17.2129 	EXP 	msg_feedback_1: autoDraw = False
17.2129 	EXP 	msg_feedback_1: autoDraw = False
17.2129 	EXP 	image_stim_1: image = 'images/질색하다.jpg'
17.2129 	EXP 	image_stim_1: autoDraw = True
17.2129 	EXP 	Drug_1: autoDraw = True
17.2129 	EXP 	Positive_1_2: autoDraw = True
17.2129 	EXP 	Negative_1_2: autoDraw = True
17.2627 	INFO 	Keyboard events cleared
17.9777 	EXP 	image_stim_1: autoDraw = False
17.9777 	EXP 	Drug_1: autoDraw = False
17.9777 	EXP 	Positive_1_2: autoDraw = False
17.9777 	EXP 	Negative_1_2: autoDraw = False
17.9777 	EXP 	msg_feedback_1: foreColor = <psychopy.colors.Color: green, alpha=1.0>
17.9777 	EXP 	msg_feedback_1: text = 'O'
17.9777 	EXP 	msg_feedback_1: height = 0.1
17.9873 	DATA 	Keypress: slash
18.0774 	EXP 	msg_feedback_1: autoDraw = True
18.0774 	EXP 	msg_feedback_1: height = 0.1
18.0774 	EXP 	msg_feedback_1: height = 0.1
18.0774 	EXP 	msg_feedback_1: height = 0.1
18.0774 	EXP 	msg_feedback_1: text = 'O'
18.2488 	EXP 	New trial (rep=0, index=15): <Trial 15 (15 in rep 0) data={'stimulus': '화나다.jpg', 'category': '부정', 'stim_type': 'image', 'Corr': 'slash', 'thisN': 15, 'thisTrialN': 15, 'thisRepN': 0}>
18.3474 	EXP 	msg_feedback_1: autoDraw = False
18.3474 	EXP 	msg_feedback_1: autoDraw = False
18.3474 	EXP 	image_stim_1: image = 'images/drug5.jpg'
18.3474 	EXP 	image_stim_1: autoDraw = True
18.3474 	EXP 	Drug_1: autoDraw = True
18.3474 	EXP 	Positive_1_2: autoDraw = True
18.3474 	EXP 	Negative_1_2: autoDraw = True
18.3805 	INFO 	Keyboard events cleared
19.3941 	EXP 	image_stim_1: autoDraw = False
19.3941 	EXP 	Drug_1: autoDraw = False
19.3941 	EXP 	Positive_1_2: autoDraw = False
19.3941 	EXP 	Negative_1_2: autoDraw = False
19.3941 	EXP 	msg_feedback_1: foreColor = <psychopy.colors.Color: green, alpha=1.0>
19.3941 	EXP 	msg_feedback_1: text = 'O'
19.3941 	EXP 	msg_feedback_1: height = 0.1
19.4026 	DATA 	Keypress: z
19.5110 	EXP 	msg_feedback_1: autoDraw = True
19.5110 	EXP 	msg_feedback_1: height = 0.1
19.5110 	EXP 	msg_feedback_1: height = 0.1
19.5110 	EXP 	msg_feedback_1: height = 0.1
19.5110 	EXP 	msg_feedback_1: text = 'O'
19.6569 	EXP 	New trial (rep=0, index=16): <Trial 16 (16 in rep 0) data={'stimulus': '분노하다.jpg', 'category': '부정', 'stim_type': 'image', 'Corr': 'slash', 'thisN': 16, 'thisTrialN': 16, 'thisRepN': 0}>
19.6943 	EXP 	msg_feedback_1: autoDraw = False
19.6943 	EXP 	msg_feedback_1: autoDraw = False
19.6943 	EXP 	image_stim_1: image = 'images/화나다.jpg'
19.6943 	EXP 	Drug_1: autoDraw = True
19.6943 	EXP 	Positive_1_2: autoDraw = True
19.6943 	EXP 	Negative_1_2: autoDraw = True
19.7280 	EXP 	image_stim_1: autoDraw = True
19.7785 	INFO 	Keyboard events cleared
20.6446 	EXP 	image_stim_1: autoDraw = False
20.6446 	EXP 	Drug_1: autoDraw = False
20.6446 	EXP 	Positive_1_2: autoDraw = False
20.6446 	EXP 	Negative_1_2: autoDraw = False
20.6446 	EXP 	msg_feedback_1: foreColor = <psychopy.colors.Color: green, alpha=1.0>
20.6446 	EXP 	msg_feedback_1: text = 'O'
20.6446 	EXP 	msg_feedback_1: height = 0.1
20.6561 	DATA 	Keypress: slash
20.7444 	EXP 	msg_feedback_1: autoDraw = True
20.7444 	EXP 	msg_feedback_1: height = 0.1
20.7444 	EXP 	msg_feedback_1: height = 0.1
20.7444 	EXP 	msg_feedback_1: height = 0.1
20.7444 	EXP 	msg_feedback_1: text = 'O'
20.8858 	EXP 	New trial (rep=0, index=17): <Trial 17 (17 in rep 0) data={'stimulus': '암담하다.jpg', 'category': '부정', 'stim_type': 'image', 'Corr': 'slash', 'thisN': 17, 'thisTrialN': 17, 'thisRepN': 0}>
20.9276 	EXP 	msg_feedback_1: autoDraw = False
20.9276 	EXP 	msg_feedback_1: autoDraw = False
20.9276 	EXP 	image_stim_1: image = 'images/흐뭇하다.jpg'
20.9276 	EXP 	Drug_1: autoDraw = True
20.9276 	EXP 	Positive_1_2: autoDraw = True
20.9276 	EXP 	Negative_1_2: autoDraw = True
20.9452 	EXP 	image_stim_1: autoDraw = True
21.0137 	INFO 	Keyboard events cleared
21.9109 	EXP 	image_stim_1: autoDraw = False
21.9109 	EXP 	Drug_1: autoDraw = False
21.9109 	EXP 	Positive_1_2: autoDraw = False
21.9109 	EXP 	Negative_1_2: autoDraw = False
21.9109 	EXP 	msg_feedback_1: foreColor = <psychopy.colors.Color: green, alpha=1.0>
21.9109 	EXP 	msg_feedback_1: text = 'O'
21.9109 	EXP 	msg_feedback_1: height = 0.1
21.9201 	DATA 	Keypress: z
22.0286 	EXP 	msg_feedback_1: autoDraw = True
22.0286 	EXP 	msg_feedback_1: height = 0.1
22.0286 	EXP 	msg_feedback_1: height = 0.1
22.0286 	EXP 	msg_feedback_1: height = 0.1
22.0286 	EXP 	msg_feedback_1: text = 'O'
22.1745 	EXP 	New trial (rep=0, index=18): <Trial 18 (18 in rep 0) data={'stimulus': '슬프다.jpg', 'category': '부정', 'stim_type': 'image', 'Corr': 'slash', 'thisN': 18, 'thisTrialN': 18, 'thisRepN': 0}>
22.2615 	EXP 	msg_feedback_1: autoDraw = False
22.2615 	EXP 	msg_feedback_1: autoDraw = False
22.2615 	EXP 	image_stim_1: image = 'images/상쾌하다.jpg'
22.2615 	EXP 	image_stim_1: autoDraw = True
22.2615 	EXP 	Drug_1: autoDraw = True
22.2615 	EXP 	Positive_1_2: autoDraw = True
22.2615 	EXP 	Negative_1_2: autoDraw = True
22.2786 	INFO 	Keyboard events cleared
22.8293 	EXP 	image_stim_1: autoDraw = False
22.8293 	EXP 	Drug_1: autoDraw = False
22.8293 	EXP 	Positive_1_2: autoDraw = False
22.8293 	EXP 	Negative_1_2: autoDraw = False
22.8293 	EXP 	msg_feedback_1: foreColor = <psychopy.colors.Color: green, alpha=1.0>
22.8293 	EXP 	msg_feedback_1: text = 'O'
22.8293 	EXP 	msg_feedback_1: height = 0.1
22.8366 	DATA 	Keypress: z
22.9444 	EXP 	msg_feedback_1: autoDraw = True
22.9444 	EXP 	msg_feedback_1: height = 0.1
22.9444 	EXP 	msg_feedback_1: height = 0.1
22.9444 	EXP 	msg_feedback_1: height = 0.1
22.9444 	EXP 	msg_feedback_1: text = 'O'
23.0848 	EXP 	New trial (rep=0, index=19): <Trial 19 (19 in rep 0) data={'stimulus': '즐겁다.jpg', 'category': '긍정', 'stim_type': 'image', 'Corr': 'z', 'thisN': 19, 'thisTrialN': 19, 'thisRepN': 0}>
23.1117 	EXP 	msg_feedback_1: autoDraw = False
23.1117 	EXP 	msg_feedback_1: autoDraw = False
23.1117 	EXP 	image_stim_1: image = 'images/경멸하다.jpg'
23.1117 	EXP 	Drug_1: autoDraw = True
23.1117 	EXP 	Positive_1_2: autoDraw = True
23.1117 	EXP 	Negative_1_2: autoDraw = True
23.1460 	EXP 	image_stim_1: autoDraw = True
23.2111 	INFO 	Keyboard events cleared
25.6272 	EXP 	image_stim_1: autoDraw = False
25.6272 	EXP 	Drug_1: autoDraw = False
25.6272 	EXP 	Positive_1_2: autoDraw = False
25.6272 	EXP 	Negative_1_2: autoDraw = False
25.6272 	EXP 	msg_feedback_1: foreColor = <psychopy.colors.Color: white, alpha=1.0>
25.6272 	EXP 	msg_feedback_1: height = 0.1
25.6272 	EXP 	msg_feedback_1: height = 0.1
25.6272 	EXP 	msg_feedback_1: height = 0.1
25.6272 	EXP 	msg_feedback_1: text = '더 빠르게 해주세요'
25.6272 	EXP 	msg_feedback_1: height = 0.06
25.6347 	DATA 	Keypress: z
25.7102 	EXP 	msg_feedback_1: autoDraw = True
25.7102 	EXP 	msg_feedback_1: height = 0.06
25.7102 	EXP 	msg_feedback_1: height = 0.06
25.7102 	EXP 	msg_feedback_1: height = 0.06
25.7102 	EXP 	msg_feedback_1: text = '더 빠르게 해주세요'
26.2040 	EXP 	New trial (rep=0, index=20): <Trial 20 (20 in rep 0) data={'stimulus': '경멸하다.jpg', 'category': '부정', 'stim_type': 'image', 'Corr': 'slash', 'thisN': 20, 'thisTrialN': 20, 'thisRepN': 0}>
26.2619 	EXP 	msg_feedback_1: autoDraw = False
26.2619 	EXP 	msg_feedback_1: autoDraw = False
26.2619 	EXP 	image_stim_1: image = 'images/거북하다.jpg'
26.2619 	EXP 	Drug_1: autoDraw = True
26.2619 	EXP 	Positive_1_2: autoDraw = True
26.2619 	EXP 	Negative_1_2: autoDraw = True
26.2959 	EXP 	image_stim_1: autoDraw = True
26.3160 	INFO 	Keyboard events cleared
28.6815 	EXP 	image_stim_1: autoDraw = False
28.6815 	EXP 	Drug_1: autoDraw = False
28.6815 	EXP 	Positive_1_2: autoDraw = False
28.6815 	EXP 	Negative_1_2: autoDraw = False
28.6815 	EXP 	msg_feedback_1: foreColor = <psychopy.colors.Color: white, alpha=1.0>
28.6815 	EXP 	msg_feedback_1: text = '더 빠르게 해주세요'
28.6815 	EXP 	msg_feedback_1: height = 0.06
28.7016 	DATA 	Keypress: slash
28.7782 	EXP 	msg_feedback_1: autoDraw = True
28.7782 	EXP 	msg_feedback_1: height = 0.06
28.7782 	EXP 	msg_feedback_1: height = 0.06
28.7782 	EXP 	msg_feedback_1: height = 0.06
28.7782 	EXP 	msg_feedback_1: text = '더 빠르게 해주세요'
29.2686 	EXP 	New trial (rep=0, index=21): <Trial 21 (21 in rep 0) data={'stimulus': '섬뜩하다.jpg', 'category': '부정', 'stim_type': 'image', 'Corr': 'slash', 'thisN': 21, 'thisTrialN': 21, 'thisRepN': 0}>
29.2949 	EXP 	msg_feedback_1: autoDraw = False
29.2949 	EXP 	msg_feedback_1: autoDraw = False
29.2949 	EXP 	image_stim_1: image = 'images/격분하다.jpg'
29.2949 	EXP 	Drug_1: autoDraw = True
29.2949 	EXP 	Positive_1_2: autoDraw = True
29.2949 	EXP 	Negative_1_2: autoDraw = True
29.3283 	EXP 	image_stim_1: autoDraw = True
29.3790 	INFO 	Keyboard events cleared
29.9977 	EXP 	image_stim_1: autoDraw = False
29.9977 	EXP 	Drug_1: autoDraw = False
29.9977 	EXP 	Positive_1_2: autoDraw = False
29.9977 	EXP 	Negative_1_2: autoDraw = False
29.9977 	EXP 	msg_feedback_1: foreColor = <psychopy.colors.Color: red, alpha=1.0>
29.9977 	EXP 	msg_feedback_1: height = 0.06
29.9977 	EXP 	msg_feedback_1: height = 0.06
29.9977 	EXP 	msg_feedback_1: height = 0.06
29.9977 	EXP 	msg_feedback_1: text = 'X'
29.9977 	EXP 	msg_feedback_1: height = 0.1
30.0165 	DATA 	Keypress: z
30.0972 	EXP 	msg_feedback_1: autoDraw = True
30.0972 	EXP 	msg_feedback_1: height = 0.1
30.0972 	EXP 	msg_feedback_1: height = 0.1
30.0972 	EXP 	msg_feedback_1: height = 0.1
30.0972 	EXP 	msg_feedback_1: text = 'X'
30.2507 	EXP 	New trial (rep=0, index=22): <Trial 22 (22 in rep 0) data={'stimulus': None, 'category': None, 'stim_type': None, 'Corr': None, 'thisN': 22, 'thisTrialN': 22, 'thisRepN': 0}>
30.2944 	EXP 	msg_feedback_1: autoDraw = False
30.2944 	EXP 	msg_feedback_1: autoDraw = False
30.2944 	EXP 	image_stim_1: image = 'images/drug2.jpg'
30.2944 	EXP 	Drug_1: autoDraw = True
30.2944 	EXP 	Positive_1_2: autoDraw = True
30.2944 	EXP 	Negative_1_2: autoDraw = True
30.3128 	EXP 	image_stim_1: autoDraw = True
30.3786 	INFO 	Keyboard events cleared
31.6098 	EXP 	image_stim_1: autoDraw = False
31.6098 	EXP 	Drug_1: autoDraw = False
31.6098 	EXP 	Positive_1_2: autoDraw = False
31.6098 	EXP 	Negative_1_2: autoDraw = False
31.6098 	EXP 	msg_feedback_1: foreColor = <psychopy.colors.Color: green, alpha=1.0>
31.6098 	EXP 	msg_feedback_1: height = 0.1
31.6098 	EXP 	msg_feedback_1: height = 0.1
31.6098 	EXP 	msg_feedback_1: height = 0.1
31.6098 	EXP 	msg_feedback_1: text = 'O'
31.6098 	EXP 	msg_feedback_1: height = 0.1
31.6179 	DATA 	Keypress: z
31.7284 	EXP 	msg_feedback_1: autoDraw = True
31.7284 	EXP 	msg_feedback_1: height = 0.1
31.7284 	EXP 	msg_feedback_1: height = 0.1
31.7284 	EXP 	msg_feedback_1: height = 0.1
31.7284 	EXP 	msg_feedback_1: text = 'O'
31.8742 	EXP 	New trial (rep=0, index=23): <Trial 23 (23 in rep 0) data={'stimulus': '신나다.jpg', 'category': '긍정', 'stim_type': 'image', 'Corr': 'z', 'thisN': 23, 'thisTrialN': 23, 'thisRepN': 0}>
31.9114 	EXP 	msg_feedback_1: autoDraw = False
31.9114 	EXP 	msg_feedback_1: autoDraw = False
31.9114 	EXP 	image_stim_1: image = 'images/행복하다.jpg'
31.9114 	EXP 	Drug_1: autoDraw = True
31.9114 	EXP 	Positive_1_2: autoDraw = True
31.9114 	EXP 	Negative_1_2: autoDraw = True
31.9285 	EXP 	image_stim_1: autoDraw = True
31.9861 	INFO 	Keyboard events cleared
35.4035 	DATA 	Keypress: z
35.4122 	EXP 	image_stim_1: autoDraw = False
35.4122 	EXP 	Drug_1: autoDraw = False
35.4122 	EXP 	Positive_1_2: autoDraw = False
35.4122 	EXP 	Negative_1_2: autoDraw = False
35.4122 	EXP 	msg_feedback_1: foreColor = <psychopy.colors.Color: white, alpha=1.0>
35.4122 	EXP 	msg_feedback_1: height = 0.1
35.4122 	EXP 	msg_feedback_1: height = 0.1
35.4122 	EXP 	msg_feedback_1: height = 0.1
35.4122 	EXP 	msg_feedback_1: text = '더 빠르게 해주세요'
35.4122 	EXP 	msg_feedback_1: height = 0.06
35.5304 	EXP 	msg_feedback_1: autoDraw = True
35.5304 	EXP 	msg_feedback_1: height = 0.06
35.5304 	EXP 	msg_feedback_1: height = 0.06
35.5304 	EXP 	msg_feedback_1: height = 0.06
35.5304 	EXP 	msg_feedback_1: text = '더 빠르게 해주세요'
36.0829 	INFO 	Keyboard events cleared
36.0813 	EXP 	msg_feedback_1: autoDraw = False
36.0813 	EXP 	msg_feedback_1: autoDraw = False
36.0813 	EXP 	Positive_2_1: autoDraw = True
36.0813 	EXP 	Negative_2_1: autoDraw = True
36.0813 	EXP 	IntroText_2: autoDraw = True
38.0775 	DATA 	Keypress: escape
38.1699 	EXP 	SC-IAT: status = STOPPED
38.1784 	EXP 	Positive_2_1: autoDraw = False
38.1784 	EXP 	Negative_2_1: autoDraw = False
38.1784 	EXP 	IntroText_2: autoDraw = False
38.1861 	EXP 	SC-IAT: status = STOPPED
38.2358 	INFO 	saved data to 'C:\\Users\\이윤주\\Desktop\\Psychopy_IAT\\data/278458_SC-IAT_2025-07-08_19h30.51.763.csv'
38.2446 	INFO 	saved data to C:\Users\이윤주\Desktop\Psychopy_IAT\data/278458_SC-IAT_2025-07-08_19h30.51.763.psydat
39.3370 	DEBUG 	Saving data for SC-IAT ExperimentHandler
